<?xml version="1.0" encoding="UTF-8"?>
<!-- Generated by org.testng.reporters.JUnitReportReporter -->
<testsuite skipped="0" hostname="Home" name="sample.Amazon" tests="2" failures="0" timestamp="07 Jul 2018 06:10:33 GMT" time="128.776" errors="0">
  <testcase name="test1" time="65.978" classname="sample.Amazon"/>
  <testcase name="test1" time="62.798" classname="sample.Amazon"/>
</testsuite> <!-- sample.Amazon -->
