<?xml version="1.0" encoding="UTF-8"?>
<!-- Generated by org.testng.reporters.JUnitReportReporter -->
<testsuite skipped="0" hostname="Home" name="sample.CalenderPopup" tests="2" failures="0" timestamp="09 Jul 2018 17:06:01 GMT" time="180.308" errors="0">
  <testcase name="test" time="95.223" classname="sample.CalenderPopup"/>
  <testcase name="test" time="85.085" classname="sample.CalenderPopup"/>
</testsuite> <!-- sample.CalenderPopup -->
